2024-08-05 14:07:59,339 - INFO - ³É¹¦±£´æ https://www.bilibili.com/video/BV11F411d7DZ/?spm_id_from=333.337.search-card.all.click&vd_source=ef7cb89bab0f005a3ec247a103a37122 µÄÏìÓ¦Êı¾İ¡£
2024-08-05 14:08:00,765 - INFO - ³É¹¦±£´æ https://www.bilibili.com/video/BV1GY4y1L7bX/?spm_id_from=333.337.search-card.all.click&vd_source=ef7cb89bab0f005a3ec247a103a37122 µÄÏìÓ¦Êı¾İ¡£
2024-08-05 14:08:02,200 - INFO - ³É¹¦±£´æ https://www.bilibili.com/video/BV1kt4y1z7Wt/?spm_id_from=333.337.search-card.all.click&vd_source=ef7cb89bab0f005a3ec247a103a37122 µÄÏìÓ¦Êı¾İ¡£
2024-08-05 14:08:03,774 - INFO - ³É¹¦±£´æ https://www.bilibili.com/video/BV1Dm4y1z7A2/?spm_id_from=333.337.search-card.all.click&vd_source=ef7cb89bab0f005a3ec247a103a37122 µÄÏìÓ¦Êı¾İ¡£
2024-08-05 22:51:21,493 - INFO - æˆåŠŸä¿å­˜ https://www.bilibili.com/video/BV11F411d7DZ/?spm_id_from=333.337.search-card.all.click&vd_source=ef7cb89bab0f005a3ec247a103a37122 çš„å“åº”æ•°æ®ï¼Œæ–‡ä»¶å: no_title.jsonã€‚
2024-08-05 22:51:22,873 - INFO - æˆåŠŸä¿å­˜ https://www.bilibili.com/video/BV1GY4y1L7bX/?spm_id_from=333.337.search-card.all.click&vd_source=ef7cb89bab0f005a3ec247a103a37122 çš„å“åº”æ•°æ®ï¼Œæ–‡ä»¶å: no_title.jsonã€‚
2024-08-05 22:51:24,322 - INFO - æˆåŠŸä¿å­˜ https://www.bilibili.com/video/BV1kt4y1z7Wt/?spm_id_from=333.337.search-card.all.click&vd_source=ef7cb89bab0f005a3ec247a103a37122 çš„å“åº”æ•°æ®ï¼Œæ–‡ä»¶å: no_title.jsonã€‚
2024-08-05 22:51:25,927 - INFO - æˆåŠŸä¿å­˜ https://www.bilibili.com/video/BV1Dm4y1z7A2/?spm_id_from=333.337.search-card.all.click&vd_source=ef7cb89bab0f005a3ec247a103a37122 çš„å“åº”æ•°æ®ï¼Œæ–‡ä»¶å: no_title.jsonã€‚
2024-08-05 22:56:13,373 - INFO - æˆåŠŸä¿å­˜ https://www.bilibili.com/video/BV1GY4y1L7bX/?spm_id_from=333.337.search-card.all.click&vd_source=ef7cb89bab0f005a3ec247a103a37122 çš„å“åº”æ•°æ®ï¼Œæ–‡ä»¶å: æ¨ªæ¿è§†é¢‘ - ä¸€å£æ°”çœ‹å®Œæç™½ä¸€ç”Ÿï¼Œå¤§å”æœ‰ä½ æ‰çœŸçš„äº†ä¸èµ·.jsonã€‚
2024-08-05 22:57:04,434 - INFO - æˆåŠŸä¿å­˜ https://www.bilibili.com/video/BV1GY4y1L7bX/?spm_id_from=333.337.search-card.all.click&vd_source=ef7cb89bab0f005a3ec247a103a37122 çš„å“åº”æ•°æ®ï¼Œæ–‡ä»¶å: æ¨ªæ¿è§†é¢‘ - ä¸€å£æ°”çœ‹å®Œæç™½ä¸€ç”Ÿï¼Œå¤§å”æœ‰ä½ æ‰çœŸçš„äº†ä¸èµ·.jsonã€‚
2024-08-05 22:57:35,460 - INFO - æˆåŠŸä¿å­˜ https://www.bilibili.com/video/BV1GY4y1L7bX/?spm_id_from=333.337.search-card.all.click&vd_source=ef7cb89bab0f005a3ec247a103a37122 çš„å“åº”æ•°æ®ï¼Œæ–‡ä»¶å: æ¨ªæ¿è§†é¢‘ - ä¸€å£æ°”çœ‹å®Œæç™½ä¸€ç”Ÿï¼Œå¤§å”æœ‰ä½ æ‰çœŸçš„äº†ä¸èµ·.jsonã€‚
2024-08-05 22:58:02,978 - ERROR - è¯·æ±‚å¤±è´¥ï¼Œè§†é¢‘ URL: https://www.bilibili.com/video/BV1GY4y1L7bX/?spm_id_from=333.337.search-card.all.click&vd_source=ef7cb89bab0f005a3ec247a103a37122ï¼Œé”™è¯¯: 502 Server Error: Bad Gateway for url: https://bibigpt.co/api/open/rotkwCD0Wyt5/subtitle
2024-08-05 23:06:43,931 - INFO - æˆåŠŸä¿å­˜ https://www.bilibili.com/video/BV1GY4y1L7bX/?spm_id_from=333.337.search-card.all.click&vd_source=ef7cb89bab0f005a3ec247a103a37122 çš„å“åº”æ•°æ®ï¼Œæ–‡ä»¶å: æ¨ªæ¿è§†é¢‘ - ä¸€å£æ°”çœ‹å®Œæç™½ä¸€ç”Ÿï¼Œå¤§å”æœ‰ä½ æ‰çœŸçš„äº†ä¸èµ·.jsonã€‚
2024-08-05 23:07:25,023 - INFO - æˆåŠŸä¿å­˜ https://www.bilibili.com/video/BV1GY4y1L7bX/?spm_id_from=333.337.search-card.all.click&vd_source=ef7cb89bab0f005a3ec247a103a37122 çš„å“åº”æ•°æ®ï¼Œæ–‡ä»¶å: æ¨ªæ¿è§†é¢‘ - ä¸€å£æ°”çœ‹å®Œæç™½ä¸€ç”Ÿï¼Œå¤§å”æœ‰ä½ æ‰çœŸçš„äº†ä¸èµ·.jsonã€‚
2024-08-06 01:14:08,403 - INFO - æˆåŠŸä¿å­˜ https://www.bilibili.com/video/BV1GY4y1L7bX/?spm_id_from=333.337.search-card.all.click&vd_source=ef7cb89bab0f005a3ec247a103a37122 çš„å“åº”æ•°æ®ï¼Œæ–‡ä»¶å: ä¸€å£æ°”çœ‹å®Œæç™½ä¸€ç”Ÿï¼Œå¤§å”æœ‰ä½ æ‰çœŸçš„äº†ä¸èµ·.jsonã€‚
2024-08-06 01:14:12,092 - INFO - æˆåŠŸä¿å­˜ https://www.bilibili.com/video/BV11F411d7DZ/?spm_id_from=333.337.search-card.all.click&vd_source=ef7cb89bab0f005a3ec247a103a37122 çš„å“åº”æ•°æ®ï¼Œæ–‡ä»¶å: å¤§å”åè´¼ï¼Ÿä¸€ä¸ªè§†é¢‘ï¼Œçœ‹æ‡‚æç™½è¢«å«Œå¼ƒçš„ä¸€ç”Ÿ.jsonã€‚
2024-08-06 02:08:27,554 - INFO - æˆåŠŸä¿å­˜ https://www.bilibili.com/video/BV1GY4y1L7bX/?spm_id_from=333.337.search-card.all.click&vd_source=ef7cb89bab0f005a3ec247a103a37122 çš„å“åº”æ•°æ®ï¼Œæ–‡ä»¶å: ä¸€å£æ°”çœ‹å®Œæç™½ä¸€ç”Ÿï¼Œå¤§å”æœ‰ä½ æ‰çœŸçš„äº†ä¸èµ·.jsonã€‚
2024-08-06 02:08:29,332 - INFO - æˆåŠŸä¿å­˜ https://www.bilibili.com/video/BV11F411d7DZ/?spm_id_from=333.337.search-card.all.click&vd_source=ef7cb89bab0f005a3ec247a103a37122 çš„å“åº”æ•°æ®ï¼Œæ–‡ä»¶å: å¤§å”åè´¼ï¼Ÿä¸€ä¸ªè§†é¢‘ï¼Œçœ‹æ‡‚æç™½è¢«å«Œå¼ƒçš„ä¸€ç”Ÿ.jsonã€‚
2024-08-06 02:19:38,944 - INFO - æˆåŠŸä¿å­˜ https://www.bilibili.com/video/BV1GY4y1L7bX/?spm_id_from=333.337.search-card.all.click&vd_source=ef7cb89bab0f005a3ec247a103a37122 çš„å“åº”æ•°æ®ï¼Œæ–‡ä»¶å: ä¸€å£æ°”çœ‹å®Œæç™½ä¸€ç”Ÿï¼Œå¤§å”æœ‰ä½ æ‰çœŸçš„äº†ä¸èµ·.jsonã€‚
2024-08-06 02:20:54,685 - INFO - æˆåŠŸä¿å­˜ https://www.bilibili.com/video/BV1GY4y1L7bX/?spm_id_from=333.337.search-card.all.click&vd_source=ef7cb89bab0f005a3ec247a103a37122 çš„å“åº”æ•°æ®ï¼Œæ–‡ä»¶å: ä¸€å£æ°”çœ‹å®Œæç™½ä¸€ç”Ÿï¼Œå¤§å”æœ‰ä½ æ‰çœŸçš„äº†ä¸èµ·.jsonã€‚
2024-08-06 11:29:59,358 - ERROR - è¯·æ±‚å¤±è´¥ï¼Œè§†é¢‘ URL: https://www.bilibili.com/video/BV1Hf4y1973j/?spm_id_from=333.337.search-card.all.click&vd_source=ef7cb89bab0f005a3ec247a103a37122ï¼Œé”™è¯¯: No connection adapters were found for 'api:https://bibigpt.co/api/open/hHcifhP9AVWA'
2024-08-06 11:30:49,974 - INFO - æˆåŠŸä¿å­˜ https://www.bilibili.com/video/BV1Hf4y1973j/?spm_id_from=333.337.search-card.all.click&vd_source=ef7cb89bab0f005a3ec247a103a37122 çš„å“åº”æ•°æ®ï¼Œæ–‡ä»¶å: æŠ›å¼ƒåˆ»æ¿å°è±¡ï¼Œçœ‹çœ‹çœŸå®çš„æç™½èµ°è¿‡äº†æ€æ ·çš„ä¸€ç”Ÿï¼.jsonã€‚
